sweet-alt-library/build/intermediates/manifest_merge_blame_file/debug/manifest-merger-blame-debug-report.txt
1<?xml version="1.0" encoding="utf-8"?>
2<manifest xmlns:android="http://schemas.android.com/apk/res/android"
3    package="cn.pedant.SweetAlert"
4    android:versionCode="14"
5    android:versionName="1.6.2" >
6
7    <uses-sdk
8        android:minSdkVersion="9"
8-->src\main\AndroidManifest.xml
9        android:targetSdkVersion="9" />
9-->src\main\AndroidManifest.xml
10
11    <!-- <uses-sdk android:targetSdkVersion="33" /> -->
12    <application />
12-->src\main\AndroidManifest.xml:6:5-20
13
14</manifest>